$(OC_PATH)eth_crc.v
$(OC_PATH)eth_defines.v
$(OC_PATH)eth_maccontrol.v
$(OC_PATH)eth_macstatus.v
$(OC_PATH)eth_miim.v
$(OC_PATH)eth_outputcontrol.v
$(OC_PATH)eth_random.v
$(OC_PATH)eth_receivecontrol.v
$(OC_PATH)eth_register.v
$(OC_PATH)eth_registers.v
$(OC_PATH)eth_rxcounters.v
$(OC_PATH)eth_rxethmac.v
$(OC_PATH)eth_rxstatem.v
$(OC_PATH)eth_shiftreg.v
$(OC_PATH)timescale.v
$(OC_PATH)eth_top.v
$(OC_PATH)eth_transmitcontrol.v
$(OC_PATH)eth_txcounters.v
$(OC_PATH)eth_txethmac.v
$(OC_PATH)eth_txstatem.v
$(OC_PATH)eth_clockgen.v
$(OC_PATH)eth_spram_256x32.v
$(OC_PATH)eth_wishbone.v
$(OC_PATH)eth_fifo.v
$(OC_PATH)eth_rxaddrcheck.v
