irun: 09.20-s016: (c) Copyright 1995-2010 Cadence Design Systems, Inc.
TOOL:	irun	09.20-s016: Started on Jun 01, 2010 at 06:52:14 PDT
irun
	-incdir ../../../../uvm_ea1.0_042710/src
	-incdir ../../../vmm-1.1.1a-uvm/sv
	-incdir ../../src
	../../../vmm-1.1.1a-uvm/sv/std_lib/vmm_str_dpi.c
	06_sequencer2channel.sv
	+incdir+../../examples/src
	+incdir+../src/hfpb
	+incdir+../src/hfpb_components
	-l 06_sequencer2channel.log
	+vmm_log_default=trace

   User defined plus("+") options:
	+vmm_log_default=trace

file: 06_sequencer2channel.sv
	package worklib.uvm_pkg:sv
		errors: 0, warnings: 0
	package worklib.vmm_std_lib:sv
		errors: 0, warnings: 0
	package worklib.avt_interop_pkg:sv
		errors: 0, warnings: 0
	module worklib.example_06_sequencer2channel:sv
		errors: 0, warnings: 0
     vmm_fifo.tee_mode(1);
                     |
ncvlog: *W,FUNTSK (../../examples/src/apb_scoreboard.sv,51|21): function called as a task without void'().
	Total errors/warnings found outside modules and primitives:
		errors: 0, warnings: 1
		Caching library 'worklib' ....... Done
	Elaborating the design hierarchy:
	Top level design units:
		uvm_pkg
		vmm_std_lib
		avt_interop_pkg
		$unit_0x13ac4a96
		example_06_sequencer2channel
	Building instance overlay tables: .................... Done
	Generating native compiled code:
		worklib.avt_interop_pkg:sv <0x518379f5>
			streams: 3436, words: 11315857
		worklib.example_06_sequencer2channel:sv <0x14491ae6>
			streams:   2, words:   794
	Loading native compiled code:     .................... Done
	Building instance specific data structures.
	Design hierarchy summary:
		                      Instances  Unique
		Modules:                      1       1
		Verilog packages:             3       3
		Registers:                 5842    6534
		Named events:                 2      25
		Initial blocks:             154     135
		Parallel blocks:             58      61
		Compilation units:            1       1
		SV Class declarations:      168     247
		SV Class specializations:   216     216
	Writing initial simulation snapshot: worklib.example_06_sequencer2channel:sv
Loading snapshot worklib.example_06_sequencer2channel:sv .................... Done
ncsim> source /home/phuynh/sw/IUS/tools/inca/files/ncsimrc
ncsim> run
SVSEED default: 1
----------------------------------------------------------------
UVM-1.0.EA
(C) 2007-2010 Mentor Graphics Corporation
(C) 2007-2010 Cadence Design Systems, Inc.
(C) 2010 Synopsys, Inc.
----------------------------------------------------------------
UVM_INFO @ 0: reporter [RNTST] Running test ...
UVM_INFO @ 0: vmm_channel #(T) [in_chan] tee branch turned ON
UVM_INFO @ 0: vmm_consumer #(T) [v_cons] Started
UVM_INFO @ 0: vmm_consumer #(T) [v_cons] 1 threads have now stopped or blocked
UVM_INFO @ 0: reporter [virt_sqr.o_seqr.virt_sqr.o_seqr.seq] Write sequence starting
UVM_INFO @ 0: vmm_consumer #(T) [v_cons] Received transaction APB READ @ 0x0000000d = 0x0000002f
UVM_INFO @ 100: vmm_consumer #(T) [v_cons] 1 threads have now stopped or blocked
UVM_INFO @ 100: virt_sqr.scoreboard [match] APB RD @ 0x0000000d = 0x0000002f
UVM_INFO @ 100: reporter [uvm_apb_rw_sequence] Got response: cmd=     addr=0000000d data=0000002f
UVM_INFO @ 100: vmm_consumer #(T) [v_cons] Received transaction APB READ @ 0x00000047 = 0x0000002a
UVM_INFO @ 200: vmm_consumer #(T) [v_cons] 1 threads have now stopped or blocked
UVM_INFO @ 200: virt_sqr.scoreboard [match] APB RD @ 0x00000047 = 0x0000002a
UVM_INFO @ 200: reporter [uvm_apb_rw_sequence] Got response: cmd=     addr=00000047 data=0000002a
UVM_INFO @ 200: vmm_consumer #(T) [v_cons] Received transaction APB READ @ 0x00000213 = 0x00000023
UVM_INFO @ 300: vmm_consumer #(T) [v_cons] 1 threads have now stopped or blocked
UVM_INFO @ 300: virt_sqr.scoreboard [match] APB RD @ 0x00000213 = 0x00000023
UVM_INFO @ 300: reporter [uvm_apb_rw_sequence] Got response: cmd=     addr=00000213 data=00000023
UVM_INFO @ 300: vmm_consumer #(T) [v_cons] Received transaction APB READ @ 0x00000019 = 0x00000032
UVM_INFO @ 400: vmm_consumer #(T) [v_cons] 1 threads have now stopped or blocked
UVM_INFO @ 400: virt_sqr.scoreboard [match] APB RD @ 0x00000019 = 0x00000032
UVM_INFO @ 400: reporter [uvm_apb_rw_sequence] Got response: cmd=     addr=00000019 data=00000032
UVM_INFO @ 400: vmm_consumer #(T) [v_cons] Received transaction APB READ @ 0x00000212 = 0x00000030
UVM_INFO @ 500: vmm_consumer #(T) [v_cons] 1 threads have now stopped or blocked
UVM_INFO @ 500: virt_sqr.scoreboard [match] APB RD @ 0x00000212 = 0x00000030
UVM_INFO @ 500: reporter [uvm_apb_rw_sequence] Got response: cmd=     addr=00000212 data=00000030
UVM_INFO @ 500: reporter [virt_sqr.o_seqr.virt_sqr.o_seqr.seq] Write sequence completing
UVM_INFO @ 500: virt_sqr.scoreboard [virt_sqr.scoreboard] Scoreboard had 5 matches and 0 mismatches.
UVM_INFO @ 500: virt_sqr [PASS] Test PASSED

--- UVM Report Summary ---

** Report counts by severity
UVM_INFO :   28
UVM_WARNING :    0
UVM_ERROR :    0
UVM_FATAL :    0
** Report counts by id
[PASS]     1
[RNTST]     1
[in_chan]     1
[match]     5
[uvm_apb_rw_sequence]     5
[v_cons]    12
[virt_sqr.o_seqr.virt_sqr.o_seqr.seq]     2
[virt_sqr.scoreboard]     1
Simulation complete via $finish(1) at time 500 NS + 10
/home/phuynh/Data/Projects/UVM/uvm_ea1.0_042710/src/base/uvm_root.svh:466       $finish;
ncsim> exit
TOOL:	irun	09.20-s016: Exiting on Jun 01, 2010 at 06:52:21 PDT  (total: 00:00:07)
