irun: 09.20-s016: (c) Copyright 1995-2010 Cadence Design Systems, Inc.
TOOL:	irun	09.20-s016: Started on Jun 01, 2010 at 06:52:21 PDT
irun
	-incdir ../../../../uvm_ea1.0_042710/src
	-incdir ../../../vmm-1.1.1a-uvm/sv
	-incdir ../../src
	../../../vmm-1.1.1a-uvm/sv/std_lib/vmm_str_dpi.c
	07_channel2driver.sv
	+incdir+../../examples/src
	+incdir+../src/hfpb
	+incdir+../src/hfpb_components
	-l 07_channel2driver.log
	+vmm_log_default=trace

   User defined plus("+") options:
	+vmm_log_default=trace

file: 07_channel2driver.sv
	package worklib.uvm_pkg:sv
		errors: 0, warnings: 0
	package worklib.vmm_std_lib:sv
		errors: 0, warnings: 0
	package worklib.avt_interop_pkg:sv
		errors: 0, warnings: 0
	module worklib.example_07_channel2driver:sv
		errors: 0, warnings: 0
     vmm_fifo.tee_mode(1);
                     |
ncvlog: *W,FUNTSK (../../examples/src/apb_scoreboard.sv,51|21): function called as a task without void'().
	Total errors/warnings found outside modules and primitives:
		errors: 0, warnings: 1
		Caching library 'worklib' ....... Done
	Elaborating the design hierarchy:
	Top level design units:
		uvm_pkg
		vmm_std_lib
		avt_interop_pkg
		$unit_0x1625edc7
		example_07_channel2driver
	Building instance overlay tables: .................... Done
	Generating native compiled code:
		worklib.avt_interop_pkg:sv <0x07e8ef1e>
			streams: 3354, words: 11205330
		worklib.example_07_channel2driver:sv <0x2d1faa3c>
			streams:   2, words:   794
	Loading native compiled code:     .................... Done
	Building instance specific data structures.
	Design hierarchy summary:
		                      Instances  Unique
		Modules:                      1       1
		Verilog packages:             3       3
		Registers:                 5733    6537
		Named events:                 2      25
		Initial blocks:             151     132
		Parallel blocks:             59      60
		Compilation units:            1       1
		SV Class declarations:      169     248
		SV Class specializations:   211     211
	Writing initial simulation snapshot: worklib.example_07_channel2driver:sv
Loading snapshot worklib.example_07_channel2driver:sv .................... Done
ncsim> source /home/phuynh/sw/IUS/tools/inca/files/ncsimrc
ncsim> run
SVSEED default: 1
----------------------------------------------------------------
UVM-1.0.EA
(C) 2007-2010 Mentor Graphics Corporation
(C) 2007-2010 Cadence Design Systems, Inc.
(C) 2010 Synopsys, Inc.
----------------------------------------------------------------
UVM_INFO @ 0: reporter [RNTST] Running test ...
UVM_INFO @ 0: APB Channel [out_chan] tee branch turned ON
UVM_INFO @ 0: vmm_producer_1ch [gen] Started
UVM_INFO @ 0: vmm_producer_1ch [gen] via ATOMIC MODE             - APB WRITE @ 0xb9bcca73 = 0x1dc7bf3b
UVM_INFO @ 10: env.drv [UVM Consumer] via PEEK/GET                - APB WR @ 0xb9bcca73 = 0x1dc7bf3b
UVM_INFO @ 10: env.scoreboard [match] APB WR @ 0xb9bcca73 = 0x1dc7bf3b
UVM_INFO @ 20: env.drv [UVM Consumer] via PEEK/GET                - APB RD @ 0xb9bcca73 = 0x1dc7bf3b
UVM_INFO @ 20: vmm_producer_1ch [gen] via BLOCKING MODE           - APB READ @ 0xb9bcca73 = 0x1dc7bf3b

UVM_INFO @ 20: vmm_producer_1ch [gen] via ATOMIC MODE             - APB WRITE @ 0xf3eb16e7 = 0x1a61dd34
UVM_INFO @ 20: env.scoreboard [match] APB RD @ 0xb9bcca73 = 0x1dc7bf3b
UVM_INFO @ 30: env.drv [UVM Consumer] via PEEK/GET                - APB WR @ 0xf3eb16e7 = 0x1a61dd34
UVM_INFO @ 30: vmm_producer_1ch [gen] via ATOMIC MODE             - APB WRITE @ 0xc6c6328d = 0x59400fb2
UVM_INFO @ 30: env.scoreboard [match] APB WR @ 0xf3eb16e7 = 0x1a61dd34
UVM_INFO @ 40: env.drv [UVM Consumer] via GET_NEXT_ITEM/ITEM_DONE - APB RD @ 0xf3eb16e7 = 0x1a61dd34
UVM_INFO @ 40: vmm_producer_1ch [gen] via NON-BLOCKING MODE       - APB READ @ 0xf3eb16e7 = 0x1a61dd34

UVM_INFO @ 40: env.scoreboard [match] APB RD @ 0xf3eb16e7 = 0x1a61dd34
UVM_INFO @ 50: env.drv [UVM Consumer] via GET_NEXT_ITEM/ITEM_DONE - APB WR @ 0xc6c6328d = 0x59400fb2
UVM_INFO @ 50: vmm_producer_1ch [gen] via ATOMIC MODE             - APB WRITE @ 0x927fd424 = 0x6e5d75dc
UVM_INFO @ 50: env.scoreboard [match] APB WR @ 0xc6c6328d = 0x59400fb2
UVM_INFO @ 60: env.drv [UVM Consumer] via PEEK/GET                - APB RD @ 0xc6c6328d = 0x59400fb2
UVM_INFO @ 60: vmm_producer_1ch [gen] via NON-BLOCKING MODE       - APB READ @ 0xc6c6328d = 0x59400fb2

UVM_INFO @ 60: env.scoreboard [match] APB RD @ 0xc6c6328d = 0x59400fb2
UVM_INFO @ 70: env.drv [UVM Consumer] via PEEK/GET                - APB WR @ 0x927fd424 = 0x6e5d75dc
UVM_INFO @ 70: env.scoreboard [match] APB WR @ 0x927fd424 = 0x6e5d75dc
UVM_INFO @ 80: env.drv [UVM Consumer] via GET_NEXT_ITEM/ITEM_DONE - APB RD @ 0x927fd424 = 0x6e5d75dc
UVM_INFO @ 80: vmm_producer_1ch [gen] via ATOMIC MODE             - APB READ @ 0x927fd424 = 0x6e5d75dc

UVM_INFO @ 80: vmm_producer_1ch [gen] via ATOMIC MODE             - APB WRITE @ 0x6e8fb5dd = 0xa1771842
UVM_INFO @ 80: env.scoreboard [match] APB RD @ 0x927fd424 = 0x6e5d75dc
UVM_INFO @ 90: env.drv [UVM Consumer] via PEEK/GET                - APB WR @ 0x6e8fb5dd = 0xa1771842
UVM_INFO @ 90: vmm_producer_1ch [gen] via ATOMIC MODE             - APB WRITE @ 0xaecae05d = 0x8720d00e
UVM_INFO @ 90: env.scoreboard [match] APB WR @ 0x6e8fb5dd = 0xa1771842
UVM_INFO @ 100: env.drv [UVM Consumer] via PEEK/GET                - APB RD @ 0x6e8fb5dd = 0xa1771842
UVM_INFO @ 100: vmm_producer_1ch [gen] via NON-BLOCKING MODE       - APB READ @ 0x6e8fb5dd = 0xa1771842

UVM_INFO @ 100: env.scoreboard [match] APB RD @ 0x6e8fb5dd = 0xa1771842
UVM_INFO @ 110: env.drv [UVM Consumer] via GET_NEXT_ITEM/ITEM_DONE - APB WR @ 0xaecae05d = 0x8720d00e
UVM_INFO @ 110: env.scoreboard [match] APB WR @ 0xaecae05d = 0x8720d00e
UVM_INFO @ 120: env.drv [UVM Consumer] via GET_NEXT_ITEM/ITEM_DONE - APB RD @ 0xaecae05d = 0x8720d00e
UVM_INFO @ 120: vmm_producer_1ch [gen] via BLOCKING MODE           - APB READ @ 0xaecae05d = 0x8720d00e

UVM_INFO @ 120: vmm_producer_1ch [gen] via ATOMIC MODE             - APB WRITE @ 0xfa6228f4 = 0x245d2348
UVM_INFO @ 120: env.scoreboard [match] APB RD @ 0xaecae05d = 0x8720d00e
UVM_INFO @ 130: env.drv [UVM Consumer] via PEEK/GET                - APB WR @ 0xfa6228f4 = 0x245d2348
UVM_INFO @ 130: vmm_producer_1ch [gen] via ATOMIC MODE             - APB WRITE @ 0x3adf7575 = 0xa3301c46
UVM_INFO @ 130: env.scoreboard [match] APB WR @ 0xfa6228f4 = 0x245d2348
UVM_INFO @ 140: env.drv [UVM Consumer] via PEEK/GET                - APB RD @ 0xfa6228f4 = 0x245d2348
UVM_INFO @ 140: vmm_producer_1ch [gen] via NON-BLOCKING MODE       - APB READ @ 0xfa6228f4 = 0x245d2348

UVM_INFO @ 140: env.scoreboard [match] APB RD @ 0xfa6228f4 = 0x245d2348
UVM_INFO @ 150: env.drv [UVM Consumer] via GET_NEXT_ITEM/ITEM_DONE - APB WR @ 0x3adf7575 = 0xa3301c46
UVM_INFO @ 150: vmm_producer_1ch [gen] via ATOMIC MODE             - APB WRITE @ 0xacfa2c59 = 0xf1653ce2
UVM_INFO @ 150: env.scoreboard [match] APB WR @ 0x3adf7575 = 0xa3301c46
UVM_INFO @ 160: env.drv [UVM Consumer] via GET_NEXT_ITEM/ITEM_DONE - APB RD @ 0x3adf7575 = 0xa3301c46
UVM_INFO @ 160: vmm_producer_1ch [gen] via NON-BLOCKING MODE       - APB READ @ 0x3adf7575 = 0xa3301c46

UVM_INFO @ 160: env.scoreboard [match] APB RD @ 0x3adf7575 = 0xa3301c46
UVM_INFO @ 170: env.drv [UVM Consumer] via GET_NEXT_ITEM/ITEM_DONE - APB WR @ 0xacfa2c59 = 0xf1653ce2
UVM_INFO @ 170: env.scoreboard [match] APB WR @ 0xacfa2c59 = 0xf1653ce2
UVM_INFO @ 180: env.drv [UVM Consumer] via GET_NEXT_ITEM/ITEM_DONE - APB RD @ 0xacfa2c59 = 0xf1653ce2
UVM_INFO @ 180: vmm_producer_1ch [gen] via BLOCKING MODE           - APB READ @ 0xacfa2c59 = 0xf1653ce2

UVM_INFO @ 180: vmm_producer_1ch [gen] via ATOMIC MODE             - APB WRITE @ 0x76da91ed = 0x638047c7
UVM_INFO @ 180: env.scoreboard [match] APB RD @ 0xacfa2c59 = 0xf1653ce2
UVM_INFO @ 190: env.drv [UVM Consumer] via GET_NEXT_ITEM/ITEM_DONE - APB WR @ 0x76da91ed = 0x638047c7
UVM_INFO @ 190: env.scoreboard [match] APB WR @ 0x76da91ed = 0x638047c7
UVM_INFO @ 200: env.drv [UVM Consumer] via GET_NEXT_ITEM/ITEM_DONE - APB RD @ 0x76da91ed = 0x638047c7
UVM_INFO @ 200: vmm_producer_1ch [gen] via ATOMIC MODE             - APB READ @ 0x76da91ed = 0x638047c7

UVM_INFO @ 200: env.scoreboard [match] APB RD @ 0x76da91ed = 0x638047c7
UVM_INFO @ 200: env.scoreboard [env.scoreboard] Scoreboard had 20 matches and 0 mismatches.
UVM_INFO @ 200: env [PASS] Test PASSED

--- UVM Report Summary ---

** Report counts by severity
UVM_INFO :   65
UVM_WARNING :    0
UVM_ERROR :    0
UVM_FATAL :    0
** Report counts by id
[PASS]     1
[RNTST]     1
[UVM Consumer]    20
[env.scoreboard]     1
[gen]    21
[match]    20
[out_chan]     1
Simulation complete via $finish(1) at time 200 NS + 7
/home/phuynh/Data/Projects/UVM/uvm_ea1.0_042710/src/base/uvm_root.svh:466       $finish;
ncsim> exit
TOOL:	irun	09.20-s016: Exiting on Jun 01, 2010 at 06:52:27 PDT  (total: 00:00:06)
