irun: 09.20-s016: (c) Copyright 1995-2010 Cadence Design Systems, Inc.
TOOL:	irun	09.20-s016: Started on Jun 01, 2010 at 06:52:40 PDT
irun
	-incdir ../../../../uvm_ea1.0_042710/src
	-incdir ../../../vmm-1.1.1a-uvm/sv
	-incdir ../../src
	../../../vmm-1.1.1a-uvm/sv/std_lib/vmm_str_dpi.c
	12_notify2analysis.sv
	+incdir+../../examples/src
	+incdir+../src/hfpb
	+incdir+../src/hfpb_components
	-l 12_notify2analysis.log
	+vmm_log_default=trace

   User defined plus("+") options:
	+vmm_log_default=trace

file: 12_notify2analysis.sv
	package worklib.uvm_pkg:sv
		errors: 0, warnings: 0
	package worklib.vmm_std_lib:sv
		errors: 0, warnings: 0
	package worklib.avt_interop_pkg:sv
		errors: 0, warnings: 0
	module worklib.example_12_notify2analysis:sv
		errors: 0, warnings: 0
     vmm_fifo.tee_mode(1);
                     |
ncvlog: *W,FUNTSK (../../examples/src/apb_scoreboard.sv,51|21): function called as a task without void'().
	Total errors/warnings found outside modules and primitives:
		errors: 0, warnings: 1
		Caching library 'worklib' ....... Done
	Elaborating the design hierarchy:
	Top level design units:
		uvm_pkg
		vmm_std_lib
		avt_interop_pkg
		$unit_0x296e1fa3
		example_12_notify2analysis
	Building instance overlay tables: .................... Done
	Generating native compiled code:
		worklib.avt_interop_pkg:sv <0x65b82934>
			streams: 3361, words: 11200365
		worklib.example_12_notify2analysis:sv <0x2eaddc69>
			streams:   3, words:  1395
	Loading native compiled code:     .................... Done
	Building instance specific data structures.
	Design hierarchy summary:
		                      Instances  Unique
		Modules:                      1       1
		Verilog packages:             3       3
		Registers:                 5736    6533
		Named events:                 2      25
		Initial blocks:             149     132
		Parallel blocks:             59      60
		Compilation units:            1       1
		SV Class declarations:      172     248
		SV Class specializations:   214     214
	Writing initial simulation snapshot: worklib.example_12_notify2analysis:sv
Loading snapshot worklib.example_12_notify2analysis:sv .................... Done
ncsim> source /home/phuynh/sw/IUS/tools/inca/files/ncsimrc
ncsim> run
SVSEED default: 1
----------------------------------------------------------------
UVM-1.0.EA
(C) 2007-2010 Mentor Graphics Corporation
(C) 2007-2010 Cadence Design Systems, Inc.
(C) 2010 Synopsys, Inc.
----------------------------------------------------------------
UVM_INFO @ 0: reporter [RNTST] Running test ...
UVM_INFO @ 0: vmm_channel #(vmm_apb_rw) [out_chan] tee branch turned ON
UVM_INFO @ 0: vmm_notifier [v_prod] Started
UVM_INFO @ 0: vmm_notifier [v_prod] Notifying with status APB WRITE @ 0xb517846a = 0x4c35f398
UVM_INFO @ 0: env.o_cons [received_uvm] APB WR @ 0xb517846a = 0x4c35f398
UVM_INFO @ 0: env.comparator [match] APB WR @ 0xb517846a = 0x4c35f398
UVM_INFO @ 1: vmm_notifier [v_prod] Notifying with status APB READ @ 0xbc597478 = 0x26d6bd4d
UVM_INFO @ 1: env.o_cons [received_uvm] APB RD @ 0xbc597478 = 0x26d6bd4d
UVM_INFO @ 1: env.comparator [match] APB RD @ 0xbc597478 = 0x26d6bd4d
UVM_INFO @ 2: vmm_notifier [v_prod] Notifying with status APB READ @ 0x09f36713 = 0x2ecb415d
UVM_INFO @ 2: env.o_cons [received_uvm] APB RD @ 0x09f36713 = 0x2ecb415d
UVM_INFO @ 2: env.comparator [match] APB RD @ 0x09f36713 = 0x2ecb415d
UVM_INFO @ 3: vmm_notifier [v_prod] Notifying with status APB READ @ 0x1a6c1734 = 0x42823d85
UVM_INFO @ 3: env.o_cons [received_uvm] APB RD @ 0x1a6c1734 = 0x42823d85
UVM_INFO @ 3: env.comparator [match] APB RD @ 0x1a6c1734 = 0x42823d85
UVM_INFO @ 4: vmm_notifier [v_prod] Notifying with status APB WRITE @ 0x13309d26 = 0x74eb7fe9
UVM_INFO @ 4: env.o_cons [received_uvm] APB WR @ 0x13309d26 = 0x74eb7fe9
UVM_INFO @ 4: env.comparator [match] APB WR @ 0x13309d26 = 0x74eb7fe9
UVM_INFO @ 5: vmm_notifier [v_prod] Notifying with status APB WRITE @ 0x97737c2e = 0xf69c30ed
UVM_INFO @ 5: env.o_cons [received_uvm] APB WR @ 0x97737c2e = 0xf69c30ed
UVM_INFO @ 5: env.comparator [match] APB WR @ 0x97737c2e = 0xf69c30ed
UVM_INFO @ 6: vmm_notifier [v_prod] Notifying with status APB READ @ 0xce41269c = 0x2672394c
UVM_INFO @ 6: env.o_cons [received_uvm] APB RD @ 0xce41269c = 0x2672394c
UVM_INFO @ 6: env.comparator [match] APB RD @ 0xce41269c = 0x2672394c
UVM_INFO @ 7: vmm_notifier [v_prod] Notifying with status APB WRITE @ 0x488b4191 = 0x438dfd87
UVM_INFO @ 7: env.o_cons [received_uvm] APB WR @ 0x488b4191 = 0x438dfd87
UVM_INFO @ 7: env.comparator [match] APB WR @ 0x488b4191 = 0x438dfd87
UVM_INFO @ 8: vmm_notifier [v_prod] Notifying with status APB READ @ 0xff6d14fe = 0x673d39ce
UVM_INFO @ 8: env.o_cons [received_uvm] APB RD @ 0xff6d14fe = 0x673d39ce
UVM_INFO @ 8: env.comparator [match] APB RD @ 0xff6d14fe = 0x673d39ce
UVM_INFO @ 9: vmm_notifier [v_prod] Notifying with status APB WRITE @ 0x514aefa2 = 0xcb90f297
UVM_INFO @ 9: env.o_cons [received_uvm] APB WR @ 0x514aefa2 = 0xcb90f297
UVM_INFO @ 9: env.comparator [match] APB WR @ 0x514aefa2 = 0xcb90f297
UVM_INFO @ 200: env.comparator [env.comparator] Scoreboard had 10 matches and 0 mismatches.
UVM_INFO @ 200: env [Comparator] Simulation PASSED

--- UVM Report Summary ---

** Report counts by severity
UVM_INFO :   35
UVM_WARNING :    0
UVM_ERROR :    0
UVM_FATAL :    0
** Report counts by id
[Comparator]     1
[RNTST]     1
[env.comparator]     1
[match]    10
[out_chan]     1
[received_uvm]    10
[v_prod]    11
Simulation complete via $finish(1) at time 200 NS + 7
/home/phuynh/Data/Projects/UVM/uvm_ea1.0_042710/src/base/uvm_root.svh:466       $finish;
ncsim> exit
TOOL:	irun	09.20-s016: Exiting on Jun 01, 2010 at 06:52:47 PDT  (total: 00:00:07)
