irun: 09.20-s016: (c) Copyright 1995-2010 Cadence Design Systems, Inc.
TOOL:	irun	09.20-s016: Started on Jun 01, 2010 at 06:52:47 PDT
irun
	-incdir ../../../../uvm_ea1.0_042710/src
	-incdir ../../../vmm-1.1.1a-uvm/sv
	-incdir ../../src
	../../../vmm-1.1.1a-uvm/sv/std_lib/vmm_str_dpi.c
	13_uvm_port2vmm_channel.sv
	+incdir+../../examples/src
	+incdir+../src/hfpb
	+incdir+../src/hfpb_components
	-l 13_uvm_port2vmm_channel.log
	+vmm_log_default=trace

   User defined plus("+") options:
	+vmm_log_default=trace

file: 13_uvm_port2vmm_channel.sv
	package worklib.uvm_pkg:sv
		errors: 0, warnings: 0
	package worklib.vmm_std_lib:sv
		errors: 0, warnings: 0
	package worklib.avt_interop_pkg:sv
		errors: 0, warnings: 0
	module worklib.example_13_uvm_port2vmm_channel:sv
		errors: 0, warnings: 0
     vmm_fifo.tee_mode(1);
                     |
ncvlog: *W,FUNTSK (../../examples/src/apb_scoreboard.sv,51|21): function called as a task without void'().
	Total errors/warnings found outside modules and primitives:
		errors: 0, warnings: 1
		Caching library 'worklib' ....... Done
	Elaborating the design hierarchy:
	Top level design units:
		uvm_pkg
		vmm_std_lib
		avt_interop_pkg
		$unit_0x4832b11a
		example_13_uvm_port2vmm_channel
                     max_pending_req));
                                     |
ncelab: *W,EXFARG (/home/phuynh/Data/Projects/UVM/SourceForge/uvm_vmm_interop_1_0/src/avt_channel2uvm_tlm.sv,403|37): Extra Argument with given format specifier.
	Building instance overlay tables: ................
                     max_pending_req));
                                     |
ncelab: *W,EXFARG (/home/phuynh/Data/Projects/UVM/SourceForge/uvm_vmm_interop_1_0/src/avt_channel2uvm_tlm.sv,403|37): Extra Argument with given format specifier.
.... Done
	Generating native compiled code:
		worklib.avt_interop_pkg:sv <0x2b3fa4f7>
			streams: 3349, words: 10986755
		worklib.example_13_uvm_port2vmm_channel:sv <0x39cf3c01>
			streams:   2, words:  2125
	Loading native compiled code:     .................... Done
                     max_pending_req));
                                     |
ncelab: *W,EXFARG (/home/phuynh/Data/Projects/UVM/SourceForge/uvm_vmm_interop_1_0/src/avt_channel2uvm_tlm.sv,403|37): Extra Argument with given format specifier.
	Building instance specific data structures.
	Design hierarchy summary:
		                      Instances  Unique
		Modules:                      1       1
		Verilog packages:             3       3
		Registers:                 5719    6545
		Named events:                 2      26
		Initial blocks:             151     132
		Parallel blocks:             57      62
		Compilation units:            1       1
		SV Class declarations:      169     249
		SV Class specializations:   211     211
	Writing initial simulation snapshot: worklib.example_13_uvm_port2vmm_channel:sv
Loading snapshot worklib.example_13_uvm_port2vmm_channel:sv .................... Done
ncsim> source /home/phuynh/sw/IUS/tools/inca/files/ncsimrc
ncsim> run
SVSEED default: 1
----------------------------------------------------------------
UVM-1.0.EA
(C) 2007-2010 Mentor Graphics Corporation
(C) 2007-2010 Cadence Design Systems, Inc.
(C) 2010 Synopsys, Inc.
----------------------------------------------------------------
Trace[INTERNAL] on env() at                    0:
    Generating test configuration...
Trace[INTERNAL] on env() at                    0:
    Building verification environment...
Normal[NOTE] on UVM(reporter) at                    0:
    UVM Gen(uvm_stimulus): rand state is svseed=1 ; 803856508 ; 
Trace[INTERNAL] on vmm_channel #(T)(in_chan) at                    0:
    tee branch turned ON
Normal[NOTE] on UVM(reporter) at                    0:
    reporter(UVMTOP): UVM testbench topology:
----------------------------------------------------------------------
Name                     Type                Size                Value
----------------------------------------------------------------------
Channel Adapter          vmm_uvm_tlm2channel -                      @7
  blocking_get_peek_port uvm_blocking_get_p+ -                     @17
  blocking_put_port      uvm_blocking_put_p+ -                     @19
  blocking_slave_port    uvm_blocking_slave+ -                     @21
  blocking_transport_ex+ uvm_blocking_trans+ -                     @13
  master_export          uvm_master_imp      -                     @11
  put_export             uvm_put_imp         -                      @9
  request_ap             uvm_analysis_port   -                     @23
  response_ap            uvm_analysis_port   -                     @25
  seq_item_port          uvm_seq_item_pull_+ -                     @15
----------------------------------------------------------------------
----------------------------------------------------------------------
Name                     Type                Size                Value
----------------------------------------------------------------------
UVM Gen                  uvm_producer #(uvm+ -                      @3
  blocking_put_port      uvm_blocking_put_p+ -                      @5
----------------------------------------------------------------------
----------------------------------------------------------------------
Name                     Type                Size                Value
----------------------------------------------------------------------
comparator               apb_scoreboard      -                     @27
  uvm_fifo               uvm_tlm_analysis_f+ -                     @29
    analysis_export      uvm_analysis_imp    -                     @39
    get_ap               uvm_analysis_port   -                     @37
    get_peek_export      uvm_get_peek_imp    -                     @33
    put_ap               uvm_analysis_port   -                     @35
    put_export           uvm_put_imp         -                     @31
  uvm_in                 uvm_analysis_export -                     @41
----------------------------------------------------------------------
Trace[INTERNAL] on env() at                    0:
    Reseting DUT...
Trace[INTERNAL] on env() at                    0:
    Configuring...
Trace[INTERNAL] on env() at                    0:
    Saving RNG state information...
Trace[INTERNAL] on env() at                    0:
    Starting verification environment...
Trace[INTERNAL] on env() at                    0:
    Restoring RNG state information...
Trace[INTERNAL] on env() at                    0:
    Waiting for end of test...
Normal[NOTE] on UVM(reporter) at                    0:
    reporter(Demo): Waiting for 10 transactions to complete
Trace[INTERNAL] on vmm_consumer #(T)(VMM Drv) at                    0:
    Started
Trace[INTERNAL] on vmm_consumer #(T)(VMM Drv) at                    0:
    1 threads have now stopped or blocked
Normal[NOTE] on UVM(reporter) at                    0:
    UVM Gen(stimulus generation): APB WR @ 0xd09d96a1 = 0x8be06a17
Normal[NOTE] on vmm_consumer #(T)(VMM Drv) at                    0:
    Received transaction APB WRITE @ 0xd09d96a1 = 0x8be06a17
Trace[INTERNAL] on vmm_consumer #(T)(VMM Drv) at                  100:
    1 threads have now stopped or blocked
Normal[NOTE] on UVM(reporter) at                  100:
    UVM Gen(stimulus generation): APB RD @ 0x6e8ccddd = 0x749a3de9
Normal[NOTE] on UVM(reporter) at                  100:
    comparator(match): APB WR @ 0xd09d96a1 = 0x8be06a17
Normal[NOTE] on vmm_consumer #(T)(VMM Drv) at                  100:
    Received transaction APB READ @ 0x6e8ccddd = 0x749a3de9
Trace[INTERNAL] on vmm_consumer #(T)(VMM Drv) at                  200:
    1 threads have now stopped or blocked
Normal[NOTE] on UVM(reporter) at                  200:
    UVM Gen(stimulus generation): APB RD @ 0xa86da250 = 0x0c325718
Normal[NOTE] on UVM(reporter) at                  200:
    comparator(match): APB RD @ 0x6e8ccddd = 0x749a3de9
Normal[NOTE] on vmm_consumer #(T)(VMM Drv) at                  200:
    Received transaction APB READ @ 0xa86da250 = 0x0c325718
Trace[INTERNAL] on vmm_consumer #(T)(VMM Drv) at                  300:
    1 threads have now stopped or blocked
Normal[NOTE] on UVM(reporter) at                  300:
    UVM Gen(stimulus generation): APB WR @ 0x18da9531 = 0xfa6eeef4
Normal[NOTE] on UVM(reporter) at                  300:
    comparator(match): APB RD @ 0xa86da250 = 0x0c325718
Normal[NOTE] on vmm_consumer #(T)(VMM Drv) at                  300:
    Received transaction APB WRITE @ 0x18da9531 = 0xfa6eeef4
Trace[INTERNAL] on vmm_consumer #(T)(VMM Drv) at                  400:
    1 threads have now stopped or blocked
Normal[NOTE] on UVM(reporter) at                  400:
    UVM Gen(stimulus generation): APB RD @ 0xbbc0f277 = 0x4aa49d95
Normal[NOTE] on UVM(reporter) at                  400:
    comparator(match): APB WR @ 0x18da9531 = 0xfa6eeef4
Normal[NOTE] on vmm_consumer #(T)(VMM Drv) at                  400:
    Received transaction APB READ @ 0xbbc0f277 = 0x4aa49d95
Trace[INTERNAL] on vmm_consumer #(T)(VMM Drv) at                  500:
    1 threads have now stopped or blocked
Normal[NOTE] on UVM(reporter) at                  500:
    UVM Gen(stimulus generation): APB WR @ 0xdcaf20b9 = 0x46f2bb8d
Normal[NOTE] on UVM(reporter) at                  500:
    comparator(match): APB RD @ 0xbbc0f277 = 0x4aa49d95
Normal[NOTE] on vmm_consumer #(T)(VMM Drv) at                  500:
    Received transaction APB WRITE @ 0xdcaf20b9 = 0x46f2bb8d
Trace[INTERNAL] on vmm_consumer #(T)(VMM Drv) at                  600:
    1 threads have now stopped or blocked
Normal[NOTE] on UVM(reporter) at                  600:
    UVM Gen(stimulus generation): APB WR @ 0xd3cb62a7 = 0xbdae1a7b
Normal[NOTE] on UVM(reporter) at                  600:
    comparator(match): APB WR @ 0xdcaf20b9 = 0x46f2bb8d
Normal[NOTE] on vmm_consumer #(T)(VMM Drv) at                  600:
    Received transaction APB WRITE @ 0xd3cb62a7 = 0xbdae1a7b
Trace[INTERNAL] on vmm_consumer #(T)(VMM Drv) at                  700:
    1 threads have now stopped or blocked
Normal[NOTE] on UVM(reporter) at                  700:
    UVM Gen(stimulus generation): APB WR @ 0x07adb90f = 0xa8ef9651
Normal[NOTE] on UVM(reporter) at                  700:
    comparator(match): APB WR @ 0xd3cb62a7 = 0xbdae1a7b
Normal[NOTE] on vmm_consumer #(T)(VMM Drv) at                  700:
    Received transaction APB WRITE @ 0x07adb90f = 0xa8ef9651
Trace[INTERNAL] on vmm_consumer #(T)(VMM Drv) at                  800:
    1 threads have now stopped or blocked
Normal[NOTE] on UVM(reporter) at                  800:
    UVM Gen(stimulus generation): APB WR @ 0xec0170d8 = 0xb4ccc069
Normal[NOTE] on UVM(reporter) at                  800:
    comparator(match): APB WR @ 0x07adb90f = 0xa8ef9651
Normal[NOTE] on vmm_consumer #(T)(VMM Drv) at                  800:
    Received transaction APB WRITE @ 0xec0170d8 = 0xb4ccc069
Trace[INTERNAL] on vmm_consumer #(T)(VMM Drv) at                  900:
    1 threads have now stopped or blocked
Normal[NOTE] on UVM(reporter) at                  900:
    UVM Gen(stimulus generation): APB RD @ 0x484f7390 = 0xe37072c6
Normal[NOTE] on UVM(reporter) at                  900:
    comparator(match): APB WR @ 0xec0170d8 = 0xb4ccc069
Normal[NOTE] on vmm_consumer #(T)(VMM Drv) at                  900:
    Received transaction APB READ @ 0x484f7390 = 0xe37072c6
Trace[INTERNAL] on vmm_consumer #(T)(VMM Drv) at                 1000:
    1 threads have now stopped or blocked
Normal[NOTE] on UVM(reporter) at                 1000:
    comparator(match): APB RD @ 0x484f7390 = 0xe37072c6
Trace[INTERNAL] on env() at                 1100:
    Stopping verification environment...
Trace[INTERNAL] on env() at                 1100:
    Cleaning up...
Normal[NOTE] on env() at                 1100:
    TEST RESULT PASSED
Normal[NOTE] on UVM(reporter) at                 1100:
    comparator(comparator): Scoreboard had 10 matches and 0 mismatches.
Simulation PASSED on /./ (/./) at                 1100 (0 warnings, 0 demoted errors & 0 demoted warnings)
ncsim: *W,RNQUIE: Simulation is complete.
ncsim> exit
TOOL:	irun	09.20-s016: Exiting on Jun 01, 2010 at 06:52:54 PDT  (total: 00:00:07)
