irun: 09.20-s016: (c) Copyright 1995-2010 Cadence Design Systems, Inc.
TOOL:	irun	09.20-s016: Started on Jun 01, 2010 at 06:52:54 PDT
irun
	-incdir ../../../../uvm_ea1.0_042710/src
	-incdir ../../../vmm-1.1.1a-uvm/sv
	-incdir ../../src
	../../../vmm-1.1.1a-uvm/sv/std_lib/vmm_str_dpi.c
	14_vmm_channel2uvm_port.sv
	+incdir+../../examples/src
	+incdir+../src/hfpb
	+incdir+../src/hfpb_components
	-l 14_vmm_channel2uvm_port.log
	+vmm_log_default=trace

   User defined plus("+") options:
	+vmm_log_default=trace

file: 14_vmm_channel2uvm_port.sv
	package worklib.uvm_pkg:sv
		errors: 0, warnings: 0
	package worklib.vmm_std_lib:sv
		errors: 0, warnings: 0
	package worklib.avt_interop_pkg:sv
		errors: 0, warnings: 0
	program worklib.example_14_vmm_channel2uvm_port:sv
		errors: 0, warnings: 0
     vmm_fifo.tee_mode(1);
                     |
ncvlog: *W,FUNTSK (../../examples/src/apb_scoreboard.sv,51|21): function called as a task without void'().
	Total errors/warnings found outside modules and primitives:
		errors: 0, warnings: 1
		Caching library 'worklib' ....... Done
	Elaborating the design hierarchy:
	Top level design units:
		uvm_pkg
		vmm_std_lib
		avt_interop_pkg
		$unit_0x715f904e
		example_14_vmm_channel2uvm_port
                     max_pending_req));
                                     |
ncelab: *W,EXFARG (/home/phuynh/Data/Projects/UVM/SourceForge/uvm_vmm_interop_1_0/src/avt_channel2uvm_tlm.sv,403|37): Extra Argument with given format specifier.
	Building instance overlay tables: ................
                     max_pending_req));
                                     |
ncelab: *W,EXFARG (/home/phuynh/Data/Projects/UVM/SourceForge/uvm_vmm_interop_1_0/src/avt_channel2uvm_tlm.sv,403|37): Extra Argument with given format specifier.
.... Done
	Generating native compiled code:
		worklib.avt_interop_pkg:sv <0x5e7eb044>
			streams: 3353, words: 11012388
		worklib.example_14_vmm_channel2uvm_port:sv <0x07e1fa37>
			streams:   2, words:  1789
	Loading native compiled code:     .................... Done
                     max_pending_req));
                                     |
ncelab: *W,EXFARG (/home/phuynh/Data/Projects/UVM/SourceForge/uvm_vmm_interop_1_0/src/avt_channel2uvm_tlm.sv,403|37): Extra Argument with given format specifier.
	Building instance specific data structures.
	Design hierarchy summary:
		                      Instances  Unique
		Programs:                     1       1
		Verilog packages:             3       3
		Registers:                 5722    6484
		Named events:                 2      25
		Initial blocks:             151     132
		Parallel blocks:             55      56
		Compilation units:            1       1
		SV Class declarations:      170     245
		SV Class specializations:   212     212
	Writing initial simulation snapshot: worklib.example_14_vmm_channel2uvm_port:sv
Loading snapshot worklib.example_14_vmm_channel2uvm_port:sv .................... Done
ncsim> source /home/phuynh/sw/IUS/tools/inca/files/ncsimrc
ncsim> run
SVSEED default: 1
----------------------------------------------------------------
UVM-1.0.EA
(C) 2007-2010 Mentor Graphics Corporation
(C) 2007-2010 Cadence Design Systems, Inc.
(C) 2010 Synopsys, Inc.
----------------------------------------------------------------
Trace[INTERNAL] on Verif Env() at                    0:
    Generating test configuration...
Trace[INTERNAL] on Verif Env() at                    0:
    Building verification environment...
Trace[INTERNAL] on APB Bus Cycle Atomic Generator output channel(VMM Gen) at                    0:
    tee branch turned ON
Trace[INTERNAL] on Verif Env() at                    0:
    Reseting DUT...
Trace[INTERNAL] on Verif Env() at                    0:
    Configuring...
Trace[INTERNAL] on Verif Env() at                    0:
    Starting verification environment...
Trace[INTERNAL] on Verif Env() at                    0:
    Saving RNG state information...
Trace[INTERNAL] on Verif Env() at                    0:
    Waiting for end of test...
Trace[INTERNAL] on APB Bus Cycle Atomic Generator(VMM Gen) at                    0:
    Started
Normal[NOTE] on UVM(reporter) at                    0:
    UVM Drv(recevied): APB WR @ 0xac6ac458 = 0x4f9cf59f
Normal[NOTE] on UVM(reporter) at                    0:
    comparator(match): APB WR @ 0xac6ac458 = 0x4f9cf59f
Normal[NOTE] on UVM(reporter) at                  100:
    UVM Drv(recevied): APB RD @ 0x3b43d376 = 0xc4bc2489
Normal[NOTE] on UVM(reporter) at                  100:
    comparator(match): APB RD @ 0x3b43d376 = 0xc4bc2489
Normal[NOTE] on UVM(reporter) at                  200:
    UVM Drv(recevied): APB RD @ 0xb9dc5273 = 0x7767d7ee
Normal[NOTE] on UVM(reporter) at                  200:
    comparator(match): APB RD @ 0xb9dc5273 = 0x7767d7ee
Normal[NOTE] on UVM(reporter) at                  300:
    UVM Drv(recevied): APB RD @ 0x61202fc2 = 0x706be3e0
Normal[NOTE] on UVM(reporter) at                  300:
    comparator(match): APB RD @ 0x61202fc2 = 0x706be3e0
Normal[NOTE] on UVM(reporter) at                  400:
    UVM Drv(recevied): APB RD @ 0xe8cd4ed1 = 0x42a06b85
Normal[NOTE] on UVM(reporter) at                  400:
    comparator(match): APB RD @ 0xe8cd4ed1 = 0x42a06b85
Normal[NOTE] on UVM(reporter) at                  500:
    UVM Drv(recevied): APB RD @ 0xa23dfc44 = 0xe83ab2d0
Normal[NOTE] on UVM(reporter) at                  500:
    comparator(match): APB RD @ 0xa23dfc44 = 0xe83ab2d0
Normal[NOTE] on UVM(reporter) at                  600:
    UVM Drv(recevied): APB RD @ 0xe5679aca = 0x9b27a436
Normal[NOTE] on UVM(reporter) at                  600:
    comparator(match): APB RD @ 0xe5679aca = 0x9b27a436
Normal[NOTE] on UVM(reporter) at                  700:
    UVM Drv(recevied): APB WR @ 0x23bddf47 = 0x9a312c34
Normal[NOTE] on UVM(reporter) at                  700:
    comparator(match): APB WR @ 0x23bddf47 = 0x9a312c34
Normal[NOTE] on UVM(reporter) at                  800:
    UVM Drv(recevied): APB RD @ 0x44229988 = 0xf845e8f0
Normal[NOTE] on UVM(reporter) at                  800:
    comparator(match): APB RD @ 0x44229988 = 0xf845e8f0
Normal[NOTE] on UVM(reporter) at                  900:
    UVM Drv(recevied): APB WR @ 0x04ec9b09 = 0x7fe8c7ff
Normal[NOTE] on UVM(reporter) at                  900:
    comparator(match): APB WR @ 0x04ec9b09 = 0x7fe8c7ff
Trace[INTERNAL] on Verif Env() at                  900:
    Stopping verification environment...
Trace[INTERNAL] on APB Bus Cycle Atomic Generator(VMM Gen) at                  900:
    Stop requested
Trace[INTERNAL] on APB Bus Cycle Atomic Generator(VMM Gen) at                  900:
    0 out of 1 threads have now stopped
Trace[INTERNAL] on Verif Env() at                  900:
    Cleaning up...
Normal[NOTE] on Verif Env() at                  900:
    TEST RESULT PASSED
Normal[NOTE] on UVM(reporter) at                  900:
    comparator(comparator): Scoreboard had 10 matches and 0 mismatches.
Simulation PASSED on /./ (/./) at                  900 (0 warnings, 0 demoted errors & 0 demoted warnings)
Simulation complete via implicit call to $finish(1) at time 900 NS + 12
./14_vmm_channel2uvm_port.sv:60 program example_14_vmm_channel2uvm_port;
ncsim> exit
TOOL:	irun	09.20-s016: Exiting on Jun 01, 2010 at 06:53:00 PDT  (total: 00:00:06)
