irun: 09.20-s016: (c) Copyright 1995-2010 Cadence Design Systems, Inc.
TOOL:	irun	09.20-s016: Started on Jun 01, 2010 at 06:53:07 PDT
irun
	-incdir ../../../../uvm_ea1.0_042710/src
	-incdir ../../../vmm-1.1.1a-uvm/sv
	-incdir ../../src
	../../../vmm-1.1.1a-uvm/sv/std_lib/vmm_str_dpi.c
	16_vmm_notify2uvm_analysis.sv
	+incdir+../../examples/src
	+incdir+../src/hfpb
	+incdir+../src/hfpb_components
	-l 16_vmm_notify2uvm_analysis.log
	+vmm_log_default=trace

   User defined plus("+") options:
	+vmm_log_default=trace

file: 16_vmm_notify2uvm_analysis.sv
	package worklib.uvm_pkg:sv
		errors: 0, warnings: 0
	package worklib.vmm_std_lib:sv
		errors: 0, warnings: 0
	package worklib.avt_interop_pkg:sv
		errors: 0, warnings: 0
	program worklib.example_16_vmm_notify2uvm_analysis:sv
		errors: 0, warnings: 0
     vmm_fifo.tee_mode(1);
                     |
ncvlog: *W,FUNTSK (../../examples/src/apb_scoreboard.sv,51|21): function called as a task without void'().
	Total errors/warnings found outside modules and primitives:
		errors: 0, warnings: 1
		Caching library 'worklib' ....... Done
	Elaborating the design hierarchy:
	Top level design units:
		uvm_pkg
		vmm_std_lib
		avt_interop_pkg
		$unit_0x15e7e82f
		example_16_vmm_notify2uvm_analysis
                     max_pending_req));
                                     |
ncelab: *W,EXFARG (/home/phuynh/Data/Projects/UVM/SourceForge/uvm_vmm_interop_1_0/src/avt_channel2uvm_tlm.sv,403|37): Extra Argument with given format specifier.
	Building instance overlay tables: ................
                     max_pending_req));
                                     |
ncelab: *W,EXFARG (/home/phuynh/Data/Projects/UVM/SourceForge/uvm_vmm_interop_1_0/src/avt_channel2uvm_tlm.sv,403|37): Extra Argument with given format specifier.
.... Done
	Generating native compiled code:
		worklib.avt_interop_pkg:sv <0x268b173f>
			streams: 3364, words: 11206332
		worklib.example_16_vmm_notify2uvm_analysis:sv <0x6ac3875f>
			streams:   2, words:  1777
	Loading native compiled code:     .................... Done
                     max_pending_req));
                                     |
ncelab: *W,EXFARG (/home/phuynh/Data/Projects/UVM/SourceForge/uvm_vmm_interop_1_0/src/avt_channel2uvm_tlm.sv,403|37): Extra Argument with given format specifier.
	Building instance specific data structures.
	Design hierarchy summary:
		                      Instances  Unique
		Programs:                     1       1
		Verilog packages:             3       3
		Registers:                 5738    6536
		Named events:                 2      25
		Initial blocks:             149     132
		Parallel blocks:             59      60
		Compilation units:            1       1
		SV Class declarations:      172     248
		SV Class specializations:   214     214
	Writing initial simulation snapshot: worklib.example_16_vmm_notify2uvm_analysis:sv
Loading snapshot worklib.example_16_vmm_notify2uvm_analysis:sv .................... Done
ncsim> source /home/phuynh/sw/IUS/tools/inca/files/ncsimrc
ncsim> run
SVSEED default: 1
----------------------------------------------------------------
UVM-1.0.EA
(C) 2007-2010 Mentor Graphics Corporation
(C) 2007-2010 Cadence Design Systems, Inc.
(C) 2010 Synopsys, Inc.
----------------------------------------------------------------
Trace[INTERNAL] on Verif Env() at                    0:
    Generating test configuration...
Trace[INTERNAL] on Verif Env() at                    0:
    Building verification environment...
Trace[INTERNAL] on vmm_channel #(vmm_apb_rw)(out_chan) at                    0:
    tee branch turned ON
Trace[INTERNAL] on Verif Env() at                   10:
    Reseting DUT...
Trace[INTERNAL] on Verif Env() at                   10:
    Configuring...
Trace[INTERNAL] on Verif Env() at                   10:
    Starting verification environment...
Trace[INTERNAL] on Verif Env() at                   10:
    Saving RNG state information...
Trace[INTERNAL] on Verif Env() at                   10:
    Waiting for end of test...
Trace[INTERNAL] on vmm_notifier(v_prod) at                   10:
    Started
Normal[NOTE] on vmm_notifier(v_prod) at                   10:
    Notifying with status APB READ @ 0xd21a5ea4 = 0x242c9948
Normal[NOTE] on UVM(reporter) at                   10:
    o_cons(received_uvm): APB RD @ 0xd21a5ea4 = 0x242c9948
Normal[NOTE] on UVM(reporter) at                   10:
    comparator(match): APB RD @ 0xd21a5ea4 = 0x242c9948
Normal[NOTE] on vmm_notifier(v_prod) at                   11:
    Notifying with status APB WRITE @ 0x6f9077df = 0xbe1bcc7c
Normal[NOTE] on UVM(reporter) at                   11:
    o_cons(received_uvm): APB WR @ 0x6f9077df = 0xbe1bcc7c
Normal[NOTE] on UVM(reporter) at                   11:
    comparator(match): APB WR @ 0x6f9077df = 0xbe1bcc7c
Normal[NOTE] on vmm_notifier(v_prod) at                   12:
    Notifying with status APB READ @ 0xa23a5444 = 0x68b2b9d1
Normal[NOTE] on UVM(reporter) at                   12:
    o_cons(received_uvm): APB RD @ 0xa23a5444 = 0x68b2b9d1
Normal[NOTE] on UVM(reporter) at                   12:
    comparator(match): APB RD @ 0xa23a5444 = 0x68b2b9d1
Normal[NOTE] on vmm_notifier(v_prod) at                   13:
    Notifying with status APB READ @ 0x4add6395 = 0xefc546df
Normal[NOTE] on UVM(reporter) at                   13:
    o_cons(received_uvm): APB RD @ 0x4add6395 = 0xefc546df
Normal[NOTE] on UVM(reporter) at                   13:
    comparator(match): APB RD @ 0x4add6395 = 0xefc546df
Normal[NOTE] on vmm_notifier(v_prod) at                   14:
    Notifying with status APB READ @ 0xdca472b9 = 0x3e9eab7d
Normal[NOTE] on UVM(reporter) at                   14:
    o_cons(received_uvm): APB RD @ 0xdca472b9 = 0x3e9eab7d
Normal[NOTE] on UVM(reporter) at                   14:
    comparator(match): APB RD @ 0xdca472b9 = 0x3e9eab7d
Normal[NOTE] on vmm_notifier(v_prod) at                   15:
    Notifying with status APB READ @ 0x584c97b0 = 0xcb868a97
Normal[NOTE] on UVM(reporter) at                   15:
    o_cons(received_uvm): APB RD @ 0x584c97b0 = 0xcb868a97
Normal[NOTE] on UVM(reporter) at                   15:
    comparator(match): APB RD @ 0x584c97b0 = 0xcb868a97
Normal[NOTE] on vmm_notifier(v_prod) at                   16:
    Notifying with status APB WRITE @ 0xccf9ae99 = 0x0330c706
Normal[NOTE] on UVM(reporter) at                   16:
    o_cons(received_uvm): APB WR @ 0xccf9ae99 = 0x0330c706
Normal[NOTE] on UVM(reporter) at                   16:
    comparator(match): APB WR @ 0xccf9ae99 = 0x0330c706
Normal[NOTE] on vmm_notifier(v_prod) at                   17:
    Notifying with status APB WRITE @ 0x9a0e5a34 = 0x0cb26319
Normal[NOTE] on UVM(reporter) at                   17:
    o_cons(received_uvm): APB WR @ 0x9a0e5a34 = 0x0cb26319
Normal[NOTE] on UVM(reporter) at                   17:
    comparator(match): APB WR @ 0x9a0e5a34 = 0x0cb26319
Normal[NOTE] on vmm_notifier(v_prod) at                   18:
    Notifying with status APB WRITE @ 0x4160df82 = 0x2acab555
Normal[NOTE] on UVM(reporter) at                   18:
    o_cons(received_uvm): APB WR @ 0x4160df82 = 0x2acab555
Normal[NOTE] on UVM(reporter) at                   18:
    comparator(match): APB WR @ 0x4160df82 = 0x2acab555
Normal[NOTE] on vmm_notifier(v_prod) at                   19:
    Notifying with status APB WRITE @ 0x6886fbd1 = 0xa973d652
Normal[NOTE] on UVM(reporter) at                   19:
    o_cons(received_uvm): APB WR @ 0x6886fbd1 = 0xa973d652
Normal[NOTE] on UVM(reporter) at                   19:
    comparator(match): APB WR @ 0x6886fbd1 = 0xa973d652
Trace[INTERNAL] on Verif Env() at                  110:
    Stopping verification environment...
Trace[INTERNAL] on Verif Env() at                  110:
    Cleaning up...
Normal[NOTE] on UVM(reporter) at                  110:
    comparator(comparator): Scoreboard had 10 matches and 0 mismatches.
Simulation PASSED on /./ (/./) at                  110 (0 warnings, 0 demoted errors & 0 demoted warnings)
Normal[NOTE] on Verif Env() at                  110:
    Simulation PASSED
Simulation complete via implicit call to $finish(1) at time 110 NS + 11
./16_vmm_notify2uvm_analysis.sv:62 program example_16_vmm_notify2uvm_analysis;
ncsim> exit
TOOL:	irun	09.20-s016: Exiting on Jun 01, 2010 at 06:53:14 PDT  (total: 00:00:07)
