irun: 09.20-s016: (c) Copyright 1995-2010 Cadence Design Systems, Inc.
TOOL:	irun	09.20-s016: Started on Jun 01, 2010 at 06:58:00 PDT
irun
	-incdir ../../../../uvm_ea1.0_042710/src
	-incdir ../../../vmm-1.1.1a-uvm/sv
	-incdir ../../src
	../../../vmm-1.1.1a-uvm/sv/std_lib/vmm_str_dpi.c
	05_mixed_hierarchy.sv
	+incdir+../../examples/src
	+incdir+../src/hfpb
	+incdir+../src/hfpb_components
	-l 05_mixed_hierarchy.log
	+vmm_log_default=trace

   User defined plus("+") options:
	+vmm_log_default=trace

file: 05_mixed_hierarchy.sv
	package worklib.uvm_pkg:sv
		errors: 0, warnings: 0
	package worklib.vmm_std_lib:sv
		errors: 0, warnings: 0
	package worklib.avt_interop_pkg:sv
		errors: 0, warnings: 0
	module worklib.example_05_mixed_hierarchy:sv
		errors: 0, warnings: 0
     vmm_fifo.tee_mode(1);
                     |
ncvlog: *W,FUNTSK (../../examples/src/apb_scoreboard.sv,51|21): function called as a task without void'().
    gen.out_chan.tee_mode(1);
                        |
ncvlog: *W,FUNTSK (05_mixed_hierarchy.sv,141|24): function called as a task without void'().
	Total errors/warnings found outside modules and primitives:
		errors: 0, warnings: 2
		Caching library 'worklib' ....... Done
	Elaborating the design hierarchy:
	Top level design units:
		uvm_pkg
		vmm_std_lib
		avt_interop_pkg
		$unit_0x382adde5
		example_05_mixed_hierarchy
	Building instance overlay tables: .................... Done
	Generating native compiled code:
		worklib.avt_interop_pkg:sv <0x590cb2b6>
			streams: 3510, words: 11547639
		worklib.example_05_mixed_hierarchy:sv <0x3deafe05>
			streams:   4, words:  5751
	Loading native compiled code:     .................... Done
	Building instance specific data structures.
	Design hierarchy summary:
		                      Instances  Unique
		Modules:                      1       1
		Verilog packages:             3       3
		Registers:                 5950    6670
		Named events:                 2      25
		Initial blocks:             168     138
		Parallel blocks:             61      66
		Compilation units:            1       1
		SV Class declarations:      179     260
		SV Class specializations:   226     226
	Writing initial simulation snapshot: worklib.example_05_mixed_hierarchy:sv
Loading snapshot worklib.example_05_mixed_hierarchy:sv .................... Done
ncsim> source /home/phuynh/sw/IUS/tools/inca/files/ncsimrc
ncsim> run
SVSEED default: 1
----------------------------------------------------------------
UVM-1.0.EA
(C) 2007-2010 Mentor Graphics Corporation
(C) 2007-2010 Cadence Design Systems, Inc.
(C) 2010 Synopsys, Inc.
----------------------------------------------------------------
UVM_INFO @ 0: reporter [RNTST] Running test ...
UVM_INFO @ 0: top.subcomp [] Generating test configuration...
UVM_INFO @ 0: top.subcomp [] Building verification environment...
UVM_INFO @ 0: APB Bus Cycle Atomic Generator output channel [gen] tee branch turned ON
UVM_INFO @ 0: APB Bus Cycle Atomic Generator output channel [gen] tee branch turned ON
UVM_INFO @ 0: APB Bus Cycle Atomic Generator output channel [gen] tee branch turned ON
UVM_INFO @ 0: APB Bus Cycle Atomic Generator output channel [gen] tee branch turned ON
UVM_INFO @ 0: top.subcomp [] Reseting DUT...
UVM_INFO @ 0: top.subcomp [] Configuring...
UVM_INFO @ 0: top.subcomp [] Starting verification environment...
UVM_INFO @ 0: top.subcomp [] Saving RNG state information...
UVM_INFO @ 0: top.subcomp [] Waiting for end of test...
UVM_INFO @ 0: APB Bus Cycle Atomic Generator [gen] Started
UVM_INFO @ 0: APB Bus Cycle Atomic Generator [gen] Started
UVM_INFO @ 0: vmm_consumer #(T) [top.subcomp.v_ip.v_consumer] Started
UVM_INFO @ 0: vmm_consumer #(T) [top.subcomp.v_ip.v_consumer] 1 threads have now stopped or blocked
UVM_INFO @ 10: top.subcomp.v_ip.o_wrapper.o_ip.drv [UVM Consumer] via GET_NEXT_ITEM/ITEM_DONE - APB RD @ 0xb6d5046d = 0xxxxxxxxx
UVM_INFO @ 10: top.subcomp.env_o_ip.drv [UVM Consumer] via PEEK/GET                - APB WR @ 0x721005e4 = 0x5882edb1
UVM_INFO @ 10: top.subcomp.v_ip.o_wrapper.o_ip.comparator [match] APB RD @ 0xb6d5046d = 0xxxxxxxxx
UVM_INFO @ 10: vmm_consumer #(T) [top.subcomp.v_ip.v_consumer] Received transaction APB READ @ 0xb6d5046d = 0xxxxxxxxx
UVM_INFO @ 10: top.subcomp.env_o_ip.comparator [match] APB WR @ 0x721005e4 = 0x5882edb1
UVM_INFO @ 20: top.subcomp.v_ip.o_wrapper.o_ip.drv [UVM Consumer] via GET_NEXT_ITEM/ITEM_DONE - APB RD @ 0x2291c145 = 0xxxxxxxxx
UVM_INFO @ 20: top.subcomp.env_o_ip.drv [UVM Consumer] via GET_NEXT_ITEM/ITEM_DONE - APB WR @ 0xb6cfba6d = 0xb182ec63
UVM_INFO @ 20: top.subcomp.v_ip.o_wrapper.o_ip.comparator [match] APB RD @ 0x2291c145 = 0xxxxxxxxx
UVM_INFO @ 20: top.subcomp.env_o_ip.comparator [match] APB WR @ 0xb6cfba6d = 0xb182ec63
UVM_INFO @ 30: top.subcomp.env_o_ip.drv [UVM Consumer] via PEEK/GET                - APB WR @ 0xb1888e63 = 0xf39512e7
UVM_INFO @ 30: top.subcomp.env_o_ip.comparator [match] APB WR @ 0xb1888e63 = 0xf39512e7
UVM_INFO @ 110: vmm_consumer #(T) [top.subcomp.v_ip.v_consumer] Received transaction APB READ @ 0x2291c145 = 0xxxxxxxxx
UVM_INFO @ 210: top.subcomp [] Stopping verification environment...
UVM_INFO @ 210: top.subcomp [] Cleaning up...
UVM_INFO @ 210: top.subcomp.env_o_ip.comparator [top.subcomp.env_o_ip.comparator] Scoreboard had 3 matches and 0 mismatches.
UVM_INFO @ 210: top.subcomp.env_o_ip [PASS] Test PASSED
UVM_INFO @ 210: top.subcomp.v_ip.o_wrapper.o_ip.comparator [top.subcomp.v_ip.o_wrapper.o_ip.comparator] Scoreboard had 2 matches and 0 mismatches.
UVM_INFO @ 210: top.subcomp.v_ip.o_wrapper.o_ip [PASS] Test PASSED
Simulation PASSED on /./ (/./) at                  210 (0 warnings, 0 demoted errors & 0 demoted warnings)

--- UVM Report Summary ---

** Report counts by severity
UVM_INFO :   34
UVM_WARNING :    0
UVM_ERROR :    0
UVM_FATAL :    0
** Report counts by id
[]     9
[PASS]     2
[RNTST]     1
[UVM Consumer]     5
[gen]     6
[match]     5
[top.subcomp.env_o_ip.comparator]     1
[top.subcomp.v_ip.o_wrapper.o_ip.comparator]     1
[top.subcomp.v_ip.v_consumer]     4
Simulation complete via $finish(1) at time 210 NS + 10
/home/phuynh/Data/Projects/UVM/uvm_ea1.0_042710/src/base/uvm_root.svh:466       $finish;
ncsim> exit
TOOL:	irun	09.20-s016: Exiting on Jun 01, 2010 at 06:58:06 PDT  (total: 00:00:06)
